c:\uni\oop\assignments\oop-a8-9-adriansofariu\movieswithgui\movieswithgui\x64\debug\menuoptionwidget.obj
c:\uni\oop\assignments\oop-a8-9-adriansofariu\movieswithgui\movieswithgui\x64\debug\service.obj
c:\uni\oop\assignments\oop-a8-9-adriansofariu\movieswithgui\movieswithgui\x64\debug\watchlist.obj
c:\uni\oop\assignments\oop-a8-9-adriansofariu\movieswithgui\movieswithgui\x64\debug\utils.obj
c:\uni\oop\assignments\oop-a8-9-adriansofariu\movieswithgui\movieswithgui\x64\debug\exceptions.obj
c:\uni\oop\assignments\oop-a8-9-adriansofariu\movieswithgui\movieswithgui\x64\debug\movieswithgui.obj
c:\uni\oop\assignments\oop-a8-9-adriansofariu\movieswithgui\movieswithgui\x64\debug\adminwidget.obj
c:\uni\oop\assignments\oop-a8-9-adriansofariu\movieswithgui\movieswithgui\x64\debug\menuselectgui.obj
c:\uni\oop\assignments\oop-a8-9-adriansofariu\movieswithgui\movieswithgui\x64\debug\textfilerepository.obj
c:\uni\oop\assignments\oop-a8-9-adriansofariu\movieswithgui\movieswithgui\x64\debug\repository.obj
c:\uni\oop\assignments\oop-a8-9-adriansofariu\movieswithgui\movieswithgui\x64\debug\csvwatchlist.obj
c:\uni\oop\assignments\oop-a8-9-adriansofariu\movieswithgui\movieswithgui\x64\debug\userservice.obj
c:\uni\oop\assignments\oop-a8-9-adriansofariu\movieswithgui\movieswithgui\x64\debug\htmlwatchlist.obj
c:\uni\oop\assignments\oop-a8-9-adriansofariu\movieswithgui\movieswithgui\x64\debug\filewatchlist.obj
c:\uni\oop\assignments\oop-a8-9-adriansofariu\movieswithgui\movieswithgui\x64\debug\main.obj
c:\uni\oop\assignments\oop-a8-9-adriansofariu\movieswithgui\movieswithgui\x64\debug\movievalidator.obj
c:\uni\oop\assignments\oop-a8-9-adriansofariu\movieswithgui\movieswithgui\x64\debug\userwidget.obj
c:\uni\oop\assignments\oop-a8-9-adriansofariu\movieswithgui\movieswithgui\x64\debug\movie.obj
c:\uni\oop\assignments\oop-a8-9-adriansofariu\movieswithgui\movieswithgui\x64\debug\vc143.pdb
c:\uni\oop\assignments\oop-a8-9-adriansofariu\movieswithgui\x64\debug\movieswithgui.exe
c:\uni\oop\assignments\oop-a8-9-adriansofariu\movieswithgui\x64\debug\movieswithgui.pdb
c:\uni\oop\assignments\oop-a8-9-adriansofariu\movieswithgui\movieswithgui\x64\debug\uic\ui_likemoviebox.h
c:\uni\oop\assignments\oop-a8-9-adriansofariu\movieswithgui\movieswithgui\x64\debug\uic\ui_movieswithgui.h
c:\uni\oop\assignments\oop-a8-9-adriansofariu\movieswithgui\movieswithgui\x64\debug\uic\ui_widget.h
c:\uni\oop\assignments\oop-a8-9-adriansofariu\movieswithgui\movieswithgui\x64\debug\movieswithgui.ilk
c:\uni\oop\assignments\oop-a8-9-adriansofariu\movieswithgui\movieswithgui\x64\debug\vc143.idb
c:\uni\oop\assignments\oop-a8-9-adriansofariu\movieswithgui\movieswithgui\x64\debug\movieswithgui.tlog\cl.11816.write.1.tlog
c:\uni\oop\assignments\oop-a8-9-adriansofariu\movieswithgui\movieswithgui\x64\debug\movieswithgui.tlog\cl.command.1.tlog
c:\uni\oop\assignments\oop-a8-9-adriansofariu\movieswithgui\movieswithgui\x64\debug\movieswithgui.tlog\cl.items.tlog
c:\uni\oop\assignments\oop-a8-9-adriansofariu\movieswithgui\movieswithgui\x64\debug\movieswithgui.tlog\cl.read.1.tlog
c:\uni\oop\assignments\oop-a8-9-adriansofariu\movieswithgui\movieswithgui\x64\debug\movieswithgui.tlog\link.command.1.tlog
c:\uni\oop\assignments\oop-a8-9-adriansofariu\movieswithgui\movieswithgui\x64\debug\movieswithgui.tlog\link.read.1.tlog
c:\uni\oop\assignments\oop-a8-9-adriansofariu\movieswithgui\movieswithgui\x64\debug\movieswithgui.tlog\link.secondary.1.tlog
c:\uni\oop\assignments\oop-a8-9-adriansofariu\movieswithgui\movieswithgui\x64\debug\movieswithgui.tlog\link.write.1.tlog
c:\uni\oop\assignments\oop-a8-9-adriansofariu\movieswithgui\movieswithgui\x64\debug\movieswithgui.tlog\movieswithgui.write.1u.tlog
